This is SBCL 1.3.12, an implementation of ANSI Common Lisp.
More information about SBCL is available at <http://www.sbcl.org/>.

SBCL is free software, provided as is, with absolutely no warranty.
It is mostly in the public domain; some portions are provided under
BSD-style licenses.  See the CREDITS and COPYING files in the
distribution for more information.


(time (map-array-displace))
Evaluation took:
  0.492 seconds of real time
  0.479999 seconds of total run time (0.466666 user, 0.013333 system)
  [ Run times consist of 0.019 seconds GC time, and 0.461 seconds non-GC time. ]
  97.56% CPU
  1,276,257,802 processor cycles
  402,663,424 bytes consed
  
#(2 3 0 1 2 3 0 1 2 3 0 1 2 3 0 1 2 3 0 1)

(time (map-array-cons))
Evaluation took:
  0.147 seconds of real time
  0.143333 seconds of total run time (0.140000 user, 0.003333 system)
  [ Run times consist of 0.004 seconds GC time, and 0.140 seconds non-GC time. ]
  97.28% CPU
  381,903,450 processor cycles
  67,149,152 bytes consed
  
#(2 3 0 1 2 3 0 1 2 3 0 1 2 3 0 1 2 3 0 1)

(time (map-array-struct-alloc))
Evaluation took:
  0.100 seconds of real time
  0.100000 seconds of total run time (0.080000 user, 0.020000 system)
  [ Run times consist of 0.006 seconds GC time, and 0.094 seconds non-GC time. ]
  100.00% CPU
  260,675,019 processor cycles
  201,336,528 bytes consed
  
#(2 3 0 1 2 3 0 1 2 3 0 1 2 3 0 1 2 3 0 1)

(time (map-array-struct-setf))
Evaluation took:
  0.029 seconds of real time
  0.026667 seconds of total run time (0.020000 user, 0.006667 system)
  93.10% CPU
  73,699,704 processor cycles
  67,147,056 bytes consed
  
#(2 3 0 1 2 3 0 1 2 3 0 1 2 3 0 1 2 3 0 1)

(time (map-array-macro))
Evaluation took:
  0.020 seconds of real time
  0.020000 seconds of total run time (0.013333 user, 0.006667 system)
  [ Run times consist of 0.004 seconds GC time, and 0.016 seconds non-GC time. ]
  100.00% CPU
  51,283,818 processor cycles
  67,147,040 bytes consed
  
#(2 3 0 1 2 3 0 1 2 3 0 1 2 3 0 1 2 3 0 1)

(time (map-array-offset))
Evaluation took:
  0.018 seconds of real time
  0.016667 seconds of total run time (0.013333 user, 0.003334 system)
  94.44% CPU
  46,373,667 processor cycles
  67,147,040 bytes consed
  
#(2 3 0 1 2 3 0 1 2 3 0 1 2 3 0 1 2 3 0 1)